find: '/proc/875/task/875/fd/5': No such file or directory
find: '/proc/875/task/875/fdinfo/5': No such file or directory
find: '/proc/875/fd/6': No such file or directory
find: '/proc/875/fdinfo/6': No such file or directory
find: '/proc/876/task/876/fd/5': No such file or directory
find: '/proc/876/task/876/fdinfo/5': No such file or directory
find: '/proc/876/fd/6': No such file or directory
find: '/proc/876/fdinfo/6': No such file or directory
stat: cannot statx '/etc/inetd.conf': No such file or directory
stat: cannot statx '/etc/inetd.conf': No such file or directory
ls: cannot access '/etc/xinetd.conf': No such file or directory
ls: cannot access '/etc/xinetd.d': No such file or directory
stat: cannot statx '/etc/xinetd.conf': No such file or directory
chown: cannot access '/etc/xinetd.conf': No such file or directory
chmod: cannot access '/etc/xinetd.conf': No such file or directory
find: '/etc/xinetd.d/': No such file or directory
ls: cannot access '/etc/syslog.conf': No such file or directory
./backup.sh: line 322: is_owner_acceptable: command not found
chown: cannot access '/etc/syslog.conf': No such file or directory
chmod: cannot access '/etc/syslog.conf': No such file or directory
/usr/bin/chgrp: invalid group: 'trustedgroup'
/usr/bin/chgrp: invalid group: 'trustedgroup'
/usr/bin/chgrp: invalid group: 'trustedgroup'
/usr/bin/chgrp: invalid group: 'trustedgroup'
/usr/bin/chgrp: invalid group: 'trustedgroup'
/usr/bin/chgrp: invalid group: 'trustedgroup'
/usr/bin/chgrp: invalid group: 'trustedgroup'
/usr/bin/chgrp: invalid group: 'trustedgroup'
/usr/bin/chgrp: invalid group: 'trustedgroup'
/usr/bin/chgrp: invalid group: 'trustedgroup'
/usr/bin/chgrp: invalid group: 'trustedgroup'
/usr/bin/chgrp: invalid group: 'trustedgroup'
/usr/bin/chgrp: invalid group: 'trustedgroup'
/usr/bin/chgrp: invalid group: 'trustedgroup'
chmod: cannot access '': No such file or directory
xinetd: unrecognized service
